#
# There is insufficient memory for the Java Runtime Environment to continue.
# Native memory allocation (mmap) failed to map 130023424 bytes for Failed to commit area from 0x0000000084200000 to 0x000000008be00000 of length 130023424.
# Possible reasons:
#   The system is out of physical RAM or swap space
#   The process is running with CompressedOops enabled, and the Java Heap may be blocking the growth of the native heap
# Possible solutions:
#   Reduce memory load on the system
#   Increase physical memory or swap space
#   Check if swap backing store is full
#   Decrease Java heap size (-Xmx/-Xms)
#   Decrease number of Java threads
#   Decrease Java thread stack sizes (-Xss)
#   Set larger code cache with -XX:ReservedCodeCacheSize=
# This output file may be truncated or incomplete.
#
#  Out of Memory Error (./open/src/hotspot/os/windows/os_windows.cpp:3283), pid=10616, tid=7536
#
# JRE version:  (11.0.17+10) (build )
# Java VM: Java HotSpot(TM) 64-Bit Server VM (11.0.17+10-LTS-269, mixed mode, sharing, tiered, compressed oops, g1 gc, windows-amd64)
# No core dump will be written. Minidumps are not enabled by default on client versions of Windows
#

---------------  S U M M A R Y ------------

Command Line: -Dgoogle.cloud_firestore.debug_log_level=FINE -Duser.language=en C:\Users\pcgou\.cache\firebase\emulators\cloud-firestore-emulator-v1.16.0.jar --host 127.0.0.1 --port 8080 --websocket_port 9150 --project_id ds-blog-local --rules C:\Users\pcgou\Documents\school\2022W2\CPSC319\9ds-frontend\firestore.rules

Host: Intel(R) Core(TM) i7-8750H CPU @ 2.20GHz, 12 cores, 7G,  Windows 10 , 64 bit Build 19041 (10.0.19041.2546)
Time: Mon Mar 20 13:39:10 2023 Eastern Daylight Time elapsed time: 0.015148 seconds (0d 0h 0m 0s)

---------------  T H R E A D  ---------------

Current thread (0x00000185337a9000):  JavaThread "Unknown thread" [_thread_in_vm, id=7536, stack(0x0000008233000000,0x0000008233100000)]

Stack: [0x0000008233000000,0x0000008233100000]
Native frames: (J=compiled Java code, j=interpreted, Vv=VM code, C=native code)
V  [jvm.dll+0x62b5da]
V  [jvm.dll+0x7653df]
V  [jvm.dll+0x766a89]
V  [jvm.dll+0x767113]
V  [jvm.dll+0x23dd28]
V  [jvm.dll+0x62896a]
V  [jvm.dll+0x61d625]
V  [jvm.dll+0x2f2d3c]
V  [jvm.dll+0x2f2bc2]
V  [jvm.dll+0x2f78e6]
V  [jvm.dll+0x33a2df]
V  [jvm.dll+0x339d10]
V  [jvm.dll+0x2d0368]
V  [jvm.dll+0x2d14d6]
V  [jvm.dll+0x73f9a7]
V  [jvm.dll+0x74123f]
V  [jvm.dll+0x347039]
V  [jvm.dll+0x725280]
V  [jvm.dll+0x3b5c1f]
V  [jvm.dll+0x3b7d31]
C  [jli.dll+0x5207]
C  [ucrtbase.dll+0x21bb2]
C  [KERNEL32.DLL+0x17614]
C  [ntdll.dll+0x526a1]


---------------  P R O C E S S  ---------------

Threads class SMR info:
_java_thread_list=0x0000018531d62110, length=0, elements={
}

Java Threads: ( => current thread )

Other Threads:
  0x00000185337bb800 GCTaskThread "GC Thread#0" [stack: 0x0000008233100000,0x0000008233200000] [id=524]
  0x00000185337ed800 ConcurrentGCThread "G1 Main Marker" [stack: 0x0000008233200000,0x0000008233300000] [id=7500]
  0x00000185337ef000 ConcurrentGCThread "G1 Conc#0" [stack: 0x0000008233300000,0x0000008233400000] [id=8792]

[error occurred during error reporting (printing all threads), id 0xc0000005, EXCEPTION_ACCESS_VIOLATION (0xc0000005) at pc=0x00007fff119bf5f7]

VM state:not at safepoint (not fully initialized)

VM Mutex/Monitor currently owned by a thread:  ([mutex/lock_event])
[0x00000185337a3fb0] Heap_lock - owner thread: 0x00000185337a9000

Heap address: 0x0000000084200000, size: 1982 MB, Compressed Oops mode: Non-zero based: 0x0000000084200000
Narrow klass base: 0x0000000000000000, Narrow klass shift: 0

GC Heap History (0 events):
No events

Deoptimization events (0 events):
No events

Classes redefined (0 events):
No events

Internal exceptions (0 events):
No events

Events (0 events):
No events


Dynamic libraries:
0x00007ff6543c0000 - 0x00007ff6543cf000 	C:\Program Files\Java\jdk-11.0.17\bin\java.exe
0x00007fff5d930000 - 0x00007fff5db28000 	C:\WINDOWS\SYSTEM32\ntdll.dll
0x00007fff5bd60000 - 0x00007fff5be1f000 	C:\WINDOWS\System32\KERNEL32.DLL
0x00007fff5b2c0000 - 0x00007fff5b592000 	C:\WINDOWS\System32\KERNELBASE.dll
0x00007fff5b7f0000 - 0x00007fff5b8f0000 	C:\WINDOWS\System32\ucrtbase.dll
0x00007fff4fac0000 - 0x00007fff4fad8000 	C:\Program Files\Java\jdk-11.0.17\bin\jli.dll
0x00007fff4f650000 - 0x00007fff4f665000 	C:\Program Files\Java\jdk-11.0.17\bin\VCRUNTIME140.dll
0x00007fff5d3d0000 - 0x00007fff5d47e000 	C:\WINDOWS\System32\ADVAPI32.dll
0x00007fff5d320000 - 0x00007fff5d3be000 	C:\WINDOWS\System32\msvcrt.dll
0x00007fff5c5c0000 - 0x00007fff5c65c000 	C:\WINDOWS\System32\sechost.dll
0x00007fff5c050000 - 0x00007fff5c175000 	C:\WINDOWS\System32\RPCRT4.dll
0x00007fff5c370000 - 0x00007fff5c511000 	C:\WINDOWS\System32\USER32.dll
0x00007fff5b8f0000 - 0x00007fff5b912000 	C:\WINDOWS\System32\win32u.dll
0x00007fff3ec60000 - 0x00007fff3eefa000 	C:\WINDOWS\WinSxS\amd64_microsoft.windows.common-controls_6595b64144ccf1df_6.0.19041.1110_none_60b5254171f9507e\COMCTL32.dll
0x00007fff5bfc0000 - 0x00007fff5bfeb000 	C:\WINDOWS\System32\GDI32.dll
0x00007fff5b5a0000 - 0x00007fff5b6af000 	C:\WINDOWS\System32\gdi32full.dll
0x00007fff5b220000 - 0x00007fff5b2bd000 	C:\WINDOWS\System32\msvcp_win.dll
0x00007fff4f000000 - 0x00007fff4f00a000 	C:\WINDOWS\SYSTEM32\VERSION.dll
0x00007fff5c520000 - 0x00007fff5c552000 	C:\WINDOWS\System32\IMM32.DLL
0x00007fff2c110000 - 0x00007fff2c1ab000 	C:\Program Files\Java\jdk-11.0.17\bin\msvcp140.dll
0x00007fff116e0000 - 0x00007fff121fa000 	C:\Program Files\Java\jdk-11.0.17\bin\server\jvm.dll
0x00007fff5be20000 - 0x00007fff5be28000 	C:\WINDOWS\System32\PSAPI.DLL
0x00007fff52190000 - 0x00007fff52199000 	C:\WINDOWS\SYSTEM32\WSOCK32.dll
0x00007fff40400000 - 0x00007fff40427000 	C:\WINDOWS\SYSTEM32\WINMM.dll
0x00007fff5bf50000 - 0x00007fff5bfbb000 	C:\WINDOWS\System32\WS2_32.dll
0x00007fff59870000 - 0x00007fff59882000 	C:\WINDOWS\SYSTEM32\kernel.appcore.dll
0x00007fff4fa90000 - 0x00007fff4faa0000 	C:\Program Files\Java\jdk-11.0.17\bin\verify.dll
0x00007fff595a0000 - 0x00007fff59784000 	C:\WINDOWS\SYSTEM32\DBGHELP.DLL
0x00007fff52e70000 - 0x00007fff52ea5000 	C:\WINDOWS\SYSTEM32\dbgcore.DLL
0x00007fff5b6b0000 - 0x00007fff5b732000 	C:\WINDOWS\System32\bcryptPrimitives.dll
0x00007fff4f620000 - 0x00007fff4f648000 	C:\Program Files\Java\jdk-11.0.17\bin\java.dll
0x00007fff4fa50000 - 0x00007fff4fa5a000 	C:\Program Files\Java\jdk-11.0.17\bin\jimage.dll
0x00007fff4f5c0000 - 0x00007fff4f5d6000 	C:\Program Files\Java\jdk-11.0.17\bin\zip.dll

dbghelp: loaded successfully - version: 4.0.5 - missing functions: none
symbol engine: initialized successfully - sym options: 0x614 - pdb path: .;C:\Program Files\Java\jdk-11.0.17\bin;C:\WINDOWS\SYSTEM32;C:\WINDOWS\WinSxS\amd64_microsoft.windows.common-controls_6595b64144ccf1df_6.0.19041.1110_none_60b5254171f9507e;C:\Program Files\Java\jdk-11.0.17\bin\server

VM Arguments:
jvm_args: -Dgoogle.cloud_firestore.debug_log_level=FINE -Duser.language=en 
java_command: C:\Users\pcgou\.cache\firebase\emulators\cloud-firestore-emulator-v1.16.0.jar --host 127.0.0.1 --port 8080 --websocket_port 9150 --project_id ds-blog-local --rules C:\Users\pcgou\Documents\school\2022W2\CPSC319\9ds-frontend\firestore.rules
java_class_path (initial): C:\Users\pcgou\.cache\firebase\emulators\cloud-firestore-emulator-v1.16.0.jar
Launcher Type: SUN_STANDARD

[Global flags]
     intx CICompilerCount                          = 4                                         {product} {ergonomic}
     uint ConcGCThreads                            = 3                                         {product} {ergonomic}
     uint G1ConcRefinementThreads                  = 10                                        {product} {ergonomic}
   size_t G1HeapRegionSize                         = 1048576                                   {product} {ergonomic}
    uintx GCDrainStackTargetSize                   = 64                                        {product} {ergonomic}
   size_t InitialHeapSize                          = 130023424                                 {product} {ergonomic}
   size_t MarkStackSize                            = 4194304                                   {product} {ergonomic}
   size_t MaxHeapSize                              = 2078277632                                {product} {ergonomic}
   size_t MinHeapDeltaBytes                        = 1048576                                   {product} {ergonomic}
    uintx NonNMethodCodeHeapSize                   = 5836300                                {pd product} {ergonomic}
    uintx NonProfiledCodeHeapSize                  = 122910970                              {pd product} {ergonomic}
    uintx ProfiledCodeHeapSize                     = 122910970                              {pd product} {ergonomic}
    uintx ReservedCodeCacheSize                    = 251658240                              {pd product} {ergonomic}
     bool SegmentedCodeCache                       = true                                      {product} {ergonomic}
     bool UseCompressedClassPointers               = true                                 {lp64_product} {ergonomic}
     bool UseCompressedOops                        = true                                 {lp64_product} {ergonomic}
     bool UseG1GC                                  = true                                      {product} {ergonomic}
     bool UseLargePagesIndividualAllocation        = false                                  {pd product} {ergonomic}

Logging:
Log output configuration:
 #0: stdout all=warning uptime,level,tags
 #1: stderr all=off uptime,level,tags

Environment Variables:
PATH=C:\Program Files\Common Files\Oracle\Java\javapath;C:\WINDOWS\system32;C:\WINDOWS;C:\WINDOWS\System32\Wbem;C:\WINDOWS\System32\WindowsPowerShell\v1.0\;C:\WINDOWS\System32\OpenSSH\;C:\Program Files\Git\cmd;C:\Program Files\nodejs\;C:\Users\pcgou\AppData\Local\Microsoft\WindowsApps;C:\Users\pcgou\AppData\Roaming\npm;C:\Users\pcgou\AppData\Local\Programs\Microsoft VS Code\bin
USERNAME=pcgou
OS=Windows_NT
PROCESSOR_IDENTIFIER=Intel64 Family 6 Model 158 Stepping 10, GenuineIntel



---------------  S Y S T E M  ---------------

OS: Windows 10 , 64 bit Build 19041 (10.0.19041.2546)

CPU:total 12 (initial active 12) (6 cores per cpu, 2 threads per core) family 6 model 158 stepping 10 microcode 0xea, cmov, cx8, fxsr, mmx, sse, sse2, sse3, ssse3, sse4.1, sse4.2, popcnt, avx, avx2, aes, clmul, erms, 3dnowpref, lzcnt, ht, tsc, tscinvbit, bmi1, bmi2, adx, fma

Memory: 4k page, system-wide physical 7926M (1314M free)
TotalPageFile size 7926M (AvailPageFile size 115M)
current process WorkingSet (physical memory assigned to process): 10M, peak: 10M
current process commit charge ("private bytes"): 64M, peak: 188M

vm_info: Java HotSpot(TM) 64-Bit Server VM (11.0.17+10-LTS-269) for windows-amd64 JRE (11.0.17+10-LTS-269), built on Sep 13 2022 19:26:37 by "mach5one" with MS VC++ 15.9 (VS2017)

END.
