#
# There is insufficient memory for the Java Runtime Environment to continue.
# Native memory allocation (malloc) failed to allocate 1336336 bytes for Chunk::new
# Possible reasons:
#   The system is out of physical RAM or swap space
#   The process is running with CompressedOops enabled, and the Java Heap may be blocking the growth of the native heap
# Possible solutions:
#   Reduce memory load on the system
#   Increase physical memory or swap space
#   Check if swap backing store is full
#   Decrease Java heap size (-Xmx/-Xms)
#   Decrease number of Java threads
#   Decrease Java thread stack sizes (-Xss)
#   Set larger code cache with -XX:ReservedCodeCacheSize=
#   JVM is running with Unscaled Compressed Oops mode in which the Java heap is
#     placed in the first 4GB address space. The Java Heap base address is the
#     maximum limit for the native heap growth. Please use -XX:HeapBaseMinAddress
#     to set the Java Heap base and to place the Java Heap above 4GB virtual address.
# This output file may be truncated or incomplete.
#
#  Out of Memory Error (./open/src/hotspot/share/memory/arena.cpp:197), pid=9620, tid=10308
#
# JRE version: Java(TM) SE Runtime Environment 18.9 (11.0.17+10) (build 11.0.17+10-LTS-269)
# Java VM: Java HotSpot(TM) 64-Bit Server VM 18.9 (11.0.17+10-LTS-269, mixed mode, tiered, compressed oops, g1 gc, windows-amd64)
# No core dump will be written. Minidumps are not enabled by default on client versions of Windows
#

---------------  S U M M A R Y ------------

Command Line: -Dgoogle.cloud_firestore.debug_log_level=FINE -Duser.language=en C:\Users\pcgou\.cache\firebase\emulators\cloud-firestore-emulator-v1.16.0.jar --host 127.0.0.1 --port 8080 --websocket_port 9150 --project_id ds-blog-local --rules C:\Users\pcgou\Documents\school\2022W2\CPSC319\9ds-frontend\firestore.rules

Host: Intel(R) Core(TM) i7-8750H CPU @ 2.20GHz, 12 cores, 7G,  Windows 10 , 64 bit Build 19041 (10.0.19041.2546)
Time: Mon Mar 20 13:29:39 2023 Eastern Daylight Time elapsed time: 6.605343 seconds (0d 0h 0m 6s)

---------------  T H R E A D  ---------------

Current thread (0x000001f4ae76c800):  JavaThread "C2 CompilerThread0" daemon [_thread_in_native, id=10308, stack(0x000000509e700000,0x000000509e800000)]


Current CompileTask:
C2:   6605 1774   !   4       jdk.internal.loader.BuiltinClassLoader::loadClassOrNull (143 bytes)

Stack: [0x000000509e700000,0x000000509e800000]
Native frames: (J=compiled Java code, j=interpreted, Vv=VM code, C=native code)
V  [jvm.dll+0x62b5da]
V  [jvm.dll+0x7653df]
V  [jvm.dll+0x766a89]
V  [jvm.dll+0x767113]
V  [jvm.dll+0x23dd28]
V  [jvm.dll+0xb2a1c]
V  [jvm.dll+0xb2fdc]
V  [jvm.dll+0x2aeaa4]
V  [jvm.dll+0x53e83b]
V  [jvm.dll+0x200b17]
V  [jvm.dll+0x1fa89a]
V  [jvm.dll+0x1f77dd]
V  [jvm.dll+0x177c91]
V  [jvm.dll+0x207296]
V  [jvm.dll+0x20542b]
V  [jvm.dll+0x72b2c0]
V  [jvm.dll+0x723e64]
V  [jvm.dll+0x62a485]
C  [ucrtbase.dll+0x21bb2]
C  [KERNEL32.DLL+0x17614]
C  [ntdll.dll+0x526a1]


---------------  P R O C E S S  ---------------

Threads class SMR info:
_java_thread_list=0x000001f4b19b1950, length=23, elements={
0x000001f48e528000, 0x000001f4ae727800, 0x000001f4ae749800, 0x000001f4ae766000,
0x000001f4ae766800, 0x000001f4ae768800, 0x000001f4ae76c800, 0x000001f4ae76f000,
0x000001f4ae778000, 0x000001f4af233000, 0x000001f4afbd9800, 0x000001f4af80e800,
0x000001f4af80f000, 0x000001f4af756800, 0x000001f4b0fbc000, 0x000001f4b1131800,
0x000001f4b0e00800, 0x000001f4afbc1800, 0x000001f4af4bd000, 0x000001f4b0c7c800,
0x000001f4b0c76800, 0x000001f4b0c77800, 0x000001f4b16a8000
}

Java Threads: ( => current thread )
  0x000001f48e528000 JavaThread "main" [_thread_blocked, id=10168, stack(0x000000509db00000,0x000000509dc00000)]
  0x000001f4ae727800 JavaThread "Reference Handler" daemon [_thread_blocked, id=11828, stack(0x000000509e200000,0x000000509e300000)]
  0x000001f4ae749800 JavaThread "Finalizer" daemon [_thread_blocked, id=11928, stack(0x000000509e300000,0x000000509e400000)]
  0x000001f4ae766000 JavaThread "Signal Dispatcher" daemon [_thread_blocked, id=7192, stack(0x000000509e400000,0x000000509e500000)]
  0x000001f4ae766800 JavaThread "Attach Listener" daemon [_thread_blocked, id=2136, stack(0x000000509e500000,0x000000509e600000)]
  0x000001f4ae768800 JavaThread "Service Thread" daemon [_thread_blocked, id=11452, stack(0x000000509e600000,0x000000509e700000)]
=>0x000001f4ae76c800 JavaThread "C2 CompilerThread0" daemon [_thread_in_native, id=10308, stack(0x000000509e700000,0x000000509e800000)]
  0x000001f4ae76f000 JavaThread "C1 CompilerThread0" daemon [_thread_in_native, id=2416, stack(0x000000509e800000,0x000000509e900000)]
  0x000001f4ae778000 JavaThread "Sweeper thread" daemon [_thread_blocked, id=6188, stack(0x000000509e900000,0x000000509ea00000)]
  0x000001f4af233000 JavaThread "Common-Cleaner" daemon [_thread_blocked, id=9008, stack(0x000000509eb00000,0x000000509ec00000)]
  0x000001f4afbd9800 JavaThread "idle-timeout-task" daemon [_thread_blocked, id=7740, stack(0x000000509f000000,0x000000509f100000)]
  0x000001f4af80e800 JavaThread "Timer-0" [_thread_blocked, id=5184, stack(0x000000509f100000,0x000000509f200000)]
  0x000001f4af80f000 JavaThread "HTTP-Dispatcher" [_thread_in_native, id=9256, stack(0x000000509f200000,0x000000509f300000)]
  0x000001f4af756800 JavaThread "nioEventLoopGroup-2-1" [_thread_in_native, id=6248, stack(0x000000509ec00000,0x000000509ed00000)]
  0x000001f4b0fbc000 JavaThread "nioEventLoopGroup-5-1" [_thread_in_native, id=2044, stack(0x000000509f400000,0x000000509f500000)]
  0x000001f4b1131800 JavaThread "nioEventLoopGroup-5-2" [_thread_in_native, id=10732, stack(0x000000509f500000,0x000000509f600000)]
  0x000001f4b0e00800 JavaThread "nioEventLoopGroup-5-3" [_thread_in_native, id=9472, stack(0x000000509f600000,0x000000509f700000)]
  0x000001f4afbc1800 JavaThread "nioEventLoopGroup-5-4" [_thread_in_native, id=7244, stack(0x000000509f300000,0x000000509f400000)]
  0x000001f4af4bd000 JavaThread "pool-1-thread-1" daemon [_thread_in_native, id=1572, stack(0x000000509ff00000,0x00000050a0000000)]
  0x000001f4b0c7c800 JavaThread "pool-3-thread-1" [_thread_blocked, id=12380, stack(0x00000050a0100000,0x00000050a0200000)]
  0x000001f4b0c76800 JavaThread "Thread-5" [_thread_in_vm, id=2004, stack(0x00000050a0200000,0x00000050a0300000)]
  0x000001f4b0c77800 JavaThread "Thread-4" [_thread_blocked, id=4140, stack(0x00000050a0300000,0x00000050a0400000)]
  0x000001f4b16a8000 JavaThread "C2 CompilerThread1" daemon [_thread_in_native, id=8604, stack(0x00000050a0400000,0x00000050a0500000)]

Other Threads:
  0x000001f4ae725000 VMThread "VM Thread" [stack: 0x000000509e100000,0x000000509e200000] [id=12936]
  0x000001f4af232800 WatcherThread [stack: 0x000000509ea00000,0x000000509eb00000] [id=5848]
  0x000001f48e53b800 GCTaskThread "GC Thread#0" [stack: 0x000000509dc00000,0x000000509dd00000] [id=5600]
  0x000001f4af8e6800 GCTaskThread "GC Thread#1" [stack: 0x000000509ed00000,0x000000509ee00000] [id=9420]
  0x000001f4b0f3b000 GCTaskThread "GC Thread#2" [stack: 0x000000509f700000,0x000000509f800000] [id=672]
  0x000001f4b0edc800 GCTaskThread "GC Thread#3" [stack: 0x000000509f800000,0x000000509f900000] [id=7824]
  0x000001f4b10b9800 GCTaskThread "GC Thread#4" [stack: 0x000000509f900000,0x000000509fa00000] [id=9316]
  0x000001f4b10ba800 GCTaskThread "GC Thread#5" [stack: 0x000000509fa00000,0x000000509fb00000] [id=11052]
  0x000001f4b1050800 GCTaskThread "GC Thread#6" [stack: 0x000000509fb00000,0x000000509fc00000] [id=6828]
  0x000001f4b1259800 GCTaskThread "GC Thread#7" [stack: 0x000000509fc00000,0x000000509fd00000] [id=6160]
  0x000001f4b1051000 GCTaskThread "GC Thread#8" [stack: 0x000000509fd00000,0x000000509fe00000] [id=11720]
  0x000001f4b0d63800 GCTaskThread "GC Thread#9" [stack: 0x000000509fe00000,0x000000509ff00000] [id=3880]
  0x000001f48e56d000 ConcurrentGCThread "G1 Main Marker" [stack: 0x000000509dd00000,0x000000509de00000] [id=12624]
  0x000001f48e56e800 ConcurrentGCThread "G1 Conc#0" [stack: 0x000000509de00000,0x000000509df00000] [id=13180]
  0x000001f4af843000 ConcurrentGCThread "G1 Conc#1" [stack: 0x000000509ee00000,0x000000509ef00000] [id=6712]
  0x000001f4af776800 ConcurrentGCThread "G1 Conc#2" [stack: 0x000000509ef00000,0x000000509f000000] [id=7616]
  0x000001f48e60c800 ConcurrentGCThread "G1 Refine#0" [stack: 0x000000509df00000,0x000000509e000000] [id=10524]
  0x000001f48e60d800 ConcurrentGCThread "G1 Young RemSet Sampling" [stack: 0x000000509e000000,0x000000509e100000] [id=6552]

Threads with active compile tasks:
C2 CompilerThread0     6642 1774   !   4       jdk.internal.loader.BuiltinClassLoader::loadClassOrNull (143 bytes)
C1 CompilerThread0     6642 1871       3       org.antlr.v4.runtime.atn.LexerATNSimulator::getReachableTarget (19 bytes)

VM state:not at safepoint (normal execution)

VM Mutex/Monitor currently owned by a thread: None

Heap address: 0x0000000084200000, size: 1982 MB, Compressed Oops mode: 32-bit
Narrow klass base: 0x0000000000000000, Narrow klass shift: 3
Compressed class space size: 1073741824 Address: 0x0000000100000000

Heap:
 garbage-first heap   total 126976K, used 23367K [0x0000000084200000, 0x0000000100000000)
  region size 1024K, 18 young (18432K), 4 survivors (4096K)
 Metaspace       used 32699K, capacity 33134K, committed 33408K, reserved 1079296K
  class space    used 3666K, capacity 3841K, committed 3968K, reserved 1048576K
Heap Regions: E=young(eden), S=young(survivor), O=old, HS=humongous(starts), HC=humongous(continues), CS=collection set, F=free, A=archive, TAMS=top-at-mark-start (previous, next)
|   0|0x0000000084200000, 0x0000000084300000, 0x0000000084300000|100%| O|  |TAMS 0x0000000084200000, 0x0000000084200000| Untracked 
|   1|0x0000000084300000, 0x0000000084400000, 0x0000000084400000|100%| O|  |TAMS 0x0000000084300000, 0x0000000084300000| Untracked 
|   2|0x0000000084400000, 0x00000000844d1c00, 0x0000000084500000| 81%| O|  |TAMS 0x0000000084400000, 0x0000000084400000| Untracked 
|   3|0x0000000084500000, 0x0000000084600000, 0x0000000084600000|100%|HS|  |TAMS 0x0000000084600000, 0x0000000084500000| Complete 
|   4|0x0000000084600000, 0x0000000084700000, 0x0000000084700000|100%|HC|  |TAMS 0x0000000084700000, 0x0000000084600000| Complete 
|   5|0x0000000084700000, 0x0000000084800000, 0x0000000084800000|100%|HC|  |TAMS 0x0000000084800000, 0x0000000084700000| Complete 
|   6|0x0000000084800000, 0x0000000084900000, 0x0000000084900000|100%| O|  |TAMS 0x000000008484dc00, 0x0000000084800000| Untracked 
|   7|0x0000000084900000, 0x0000000084900000, 0x0000000084a00000|  0%| F|  |TAMS 0x0000000084900000, 0x0000000084900000| Untracked 
|   8|0x0000000084a00000, 0x0000000084a00000, 0x0000000084b00000|  0%| F|  |TAMS 0x0000000084a00000, 0x0000000084a00000| Untracked 
|   9|0x0000000084b00000, 0x0000000084b00000, 0x0000000084c00000|  0%| F|  |TAMS 0x0000000084b00000, 0x0000000084b00000| Untracked 
|  10|0x0000000084c00000, 0x0000000084c00000, 0x0000000084d00000|  0%| F|  |TAMS 0x0000000084c00000, 0x0000000084c00000| Untracked 
|  11|0x0000000084d00000, 0x0000000084d00000, 0x0000000084e00000|  0%| F|  |TAMS 0x0000000084d00000, 0x0000000084d00000| Untracked 
|  12|0x0000000084e00000, 0x0000000084e00000, 0x0000000084f00000|  0%| F|  |TAMS 0x0000000084e00000, 0x0000000084e00000| Untracked 
|  13|0x0000000084f00000, 0x0000000084f00000, 0x0000000085000000|  0%| F|  |TAMS 0x0000000084f00000, 0x0000000084f00000| Untracked 
|  14|0x0000000085000000, 0x0000000085000000, 0x0000000085100000|  0%| F|  |TAMS 0x0000000085000000, 0x0000000085000000| Untracked 
|  15|0x0000000085100000, 0x0000000085100000, 0x0000000085200000|  0%| F|  |TAMS 0x0000000085100000, 0x0000000085100000| Untracked 
|  16|0x0000000085200000, 0x0000000085200000, 0x0000000085300000|  0%| F|  |TAMS 0x0000000085200000, 0x0000000085200000| Untracked 
|  17|0x0000000085300000, 0x0000000085300000, 0x0000000085400000|  0%| F|  |TAMS 0x0000000085300000, 0x0000000085300000| Untracked 
|  18|0x0000000085400000, 0x0000000085400000, 0x0000000085500000|  0%| F|  |TAMS 0x0000000085400000, 0x0000000085400000| Untracked 
|  19|0x0000000085500000, 0x0000000085500000, 0x0000000085600000|  0%| F|  |TAMS 0x0000000085500000, 0x0000000085500000| Untracked 
|  20|0x0000000085600000, 0x0000000085600000, 0x0000000085700000|  0%| F|  |TAMS 0x0000000085600000, 0x0000000085600000| Untracked 
|  21|0x0000000085700000, 0x0000000085700000, 0x0000000085800000|  0%| F|  |TAMS 0x0000000085700000, 0x0000000085700000| Untracked 
|  22|0x0000000085800000, 0x0000000085800000, 0x0000000085900000|  0%| F|  |TAMS 0x0000000085800000, 0x0000000085800000| Untracked 
|  23|0x0000000085900000, 0x0000000085900000, 0x0000000085a00000|  0%| F|  |TAMS 0x0000000085900000, 0x0000000085900000| Untracked 
|  24|0x0000000085a00000, 0x0000000085a00000, 0x0000000085b00000|  0%| F|  |TAMS 0x0000000085a00000, 0x0000000085a00000| Untracked 
|  25|0x0000000085b00000, 0x0000000085b00000, 0x0000000085c00000|  0%| F|  |TAMS 0x0000000085b00000, 0x0000000085b00000| Untracked 
|  26|0x0000000085c00000, 0x0000000085c00000, 0x0000000085d00000|  0%| F|  |TAMS 0x0000000085c00000, 0x0000000085c00000| Untracked 
|  27|0x0000000085d00000, 0x0000000085d00000, 0x0000000085e00000|  0%| F|  |TAMS 0x0000000085d00000, 0x0000000085d00000| Untracked 
|  28|0x0000000085e00000, 0x0000000085e00000, 0x0000000085f00000|  0%| F|  |TAMS 0x0000000085e00000, 0x0000000085e00000| Untracked 
|  29|0x0000000085f00000, 0x0000000085f00000, 0x0000000086000000|  0%| F|  |TAMS 0x0000000085f00000, 0x0000000085f00000| Untracked 
|  30|0x0000000086000000, 0x0000000086000000, 0x0000000086100000|  0%| F|  |TAMS 0x0000000086000000, 0x0000000086000000| Untracked 
|  31|0x0000000086100000, 0x0000000086100000, 0x0000000086200000|  0%| F|  |TAMS 0x0000000086100000, 0x0000000086100000| Untracked 
|  32|0x0000000086200000, 0x0000000086200000, 0x0000000086300000|  0%| F|  |TAMS 0x0000000086200000, 0x0000000086200000| Untracked 
|  33|0x0000000086300000, 0x0000000086300000, 0x0000000086400000|  0%| F|  |TAMS 0x0000000086300000, 0x0000000086300000| Untracked 
|  34|0x0000000086400000, 0x0000000086400000, 0x0000000086500000|  0%| F|  |TAMS 0x0000000086400000, 0x0000000086400000| Untracked 
|  35|0x0000000086500000, 0x0000000086500000, 0x0000000086600000|  0%| F|  |TAMS 0x0000000086500000, 0x0000000086500000| Untracked 
|  36|0x0000000086600000, 0x0000000086600000, 0x0000000086700000|  0%| F|  |TAMS 0x0000000086600000, 0x0000000086600000| Untracked 
|  37|0x0000000086700000, 0x0000000086700000, 0x0000000086800000|  0%| F|  |TAMS 0x0000000086700000, 0x0000000086700000| Untracked 
|  38|0x0000000086800000, 0x0000000086800000, 0x0000000086900000|  0%| F|  |TAMS 0x0000000086800000, 0x0000000086800000| Untracked 
|  39|0x0000000086900000, 0x0000000086900000, 0x0000000086a00000|  0%| F|  |TAMS 0x0000000086900000, 0x0000000086900000| Untracked 
|  40|0x0000000086a00000, 0x0000000086a00000, 0x0000000086b00000|  0%| F|  |TAMS 0x0000000086a00000, 0x0000000086a00000| Untracked 
|  41|0x0000000086b00000, 0x0000000086b00000, 0x0000000086c00000|  0%| F|  |TAMS 0x0000000086b00000, 0x0000000086b00000| Untracked 
|  42|0x0000000086c00000, 0x0000000086c00000, 0x0000000086d00000|  0%| F|  |TAMS 0x0000000086c00000, 0x0000000086c00000| Untracked 
|  43|0x0000000086d00000, 0x0000000086d00000, 0x0000000086e00000|  0%| F|  |TAMS 0x0000000086d00000, 0x0000000086d00000| Untracked 
|  44|0x0000000086e00000, 0x0000000086e00000, 0x0000000086f00000|  0%| F|  |TAMS 0x0000000086e00000, 0x0000000086e00000| Untracked 
|  45|0x0000000086f00000, 0x0000000086f00000, 0x0000000087000000|  0%| F|  |TAMS 0x0000000086f00000, 0x0000000086f00000| Untracked 
|  46|0x0000000087000000, 0x0000000087000000, 0x0000000087100000|  0%| F|  |TAMS 0x0000000087000000, 0x0000000087000000| Untracked 
|  47|0x0000000087100000, 0x0000000087100000, 0x0000000087200000|  0%| F|  |TAMS 0x0000000087100000, 0x0000000087100000| Untracked 
|  48|0x0000000087200000, 0x0000000087200000, 0x0000000087300000|  0%| F|  |TAMS 0x0000000087200000, 0x0000000087200000| Untracked 
|  49|0x0000000087300000, 0x0000000087300000, 0x0000000087400000|  0%| F|  |TAMS 0x0000000087300000, 0x0000000087300000| Untracked 
|  50|0x0000000087400000, 0x0000000087400000, 0x0000000087500000|  0%| F|  |TAMS 0x0000000087400000, 0x0000000087400000| Untracked 
|  51|0x0000000087500000, 0x0000000087500000, 0x0000000087600000|  0%| F|  |TAMS 0x0000000087500000, 0x0000000087500000| Untracked 
|  52|0x0000000087600000, 0x0000000087600000, 0x0000000087700000|  0%| F|  |TAMS 0x0000000087600000, 0x0000000087600000| Untracked 
|  53|0x0000000087700000, 0x0000000087700000, 0x0000000087800000|  0%| F|  |TAMS 0x0000000087700000, 0x0000000087700000| Untracked 
|  54|0x0000000087800000, 0x0000000087800000, 0x0000000087900000|  0%| F|  |TAMS 0x0000000087800000, 0x0000000087800000| Untracked 
|  55|0x0000000087900000, 0x0000000087900000, 0x0000000087a00000|  0%| F|  |TAMS 0x0000000087900000, 0x0000000087900000| Untracked 
|  56|0x0000000087a00000, 0x0000000087a00000, 0x0000000087b00000|  0%| F|  |TAMS 0x0000000087a00000, 0x0000000087a00000| Untracked 
|  57|0x0000000087b00000, 0x0000000087b00000, 0x0000000087c00000|  0%| F|  |TAMS 0x0000000087b00000, 0x0000000087b00000| Untracked 
|  58|0x0000000087c00000, 0x0000000087c00000, 0x0000000087d00000|  0%| F|  |TAMS 0x0000000087c00000, 0x0000000087c00000| Untracked 
|  59|0x0000000087d00000, 0x0000000087d00000, 0x0000000087e00000|  0%| F|  |TAMS 0x0000000087d00000, 0x0000000087d00000| Untracked 
|  60|0x0000000087e00000, 0x0000000087e00000, 0x0000000087f00000|  0%| F|  |TAMS 0x0000000087e00000, 0x0000000087e00000| Untracked 
|  61|0x0000000087f00000, 0x0000000087f00000, 0x0000000088000000|  0%| F|  |TAMS 0x0000000087f00000, 0x0000000087f00000| Untracked 
|  62|0x0000000088000000, 0x0000000088000000, 0x0000000088100000|  0%| F|  |TAMS 0x0000000088000000, 0x0000000088000000| Untracked 
|  63|0x0000000088100000, 0x0000000088100000, 0x0000000088200000|  0%| F|  |TAMS 0x0000000088100000, 0x0000000088100000| Untracked 
|  64|0x0000000088200000, 0x0000000088200000, 0x0000000088300000|  0%| F|  |TAMS 0x0000000088200000, 0x0000000088200000| Untracked 
|  65|0x0000000088300000, 0x0000000088300000, 0x0000000088400000|  0%| F|  |TAMS 0x0000000088300000, 0x0000000088300000| Untracked 
|  66|0x0000000088400000, 0x0000000088400000, 0x0000000088500000|  0%| F|  |TAMS 0x0000000088400000, 0x0000000088400000| Untracked 
|  67|0x0000000088500000, 0x0000000088500000, 0x0000000088600000|  0%| F|  |TAMS 0x0000000088500000, 0x0000000088500000| Untracked 
|  68|0x0000000088600000, 0x0000000088600000, 0x0000000088700000|  0%| F|  |TAMS 0x0000000088600000, 0x0000000088600000| Untracked 
|  69|0x0000000088700000, 0x0000000088700000, 0x0000000088800000|  0%| F|  |TAMS 0x0000000088700000, 0x0000000088700000| Untracked 
|  70|0x0000000088800000, 0x0000000088800000, 0x0000000088900000|  0%| F|  |TAMS 0x0000000088800000, 0x0000000088800000| Untracked 
|  71|0x0000000088900000, 0x0000000088900000, 0x0000000088a00000|  0%| F|  |TAMS 0x0000000088900000, 0x0000000088900000| Untracked 
|  72|0x0000000088a00000, 0x0000000088a00000, 0x0000000088b00000|  0%| F|  |TAMS 0x0000000088a00000, 0x0000000088a00000| Untracked 
|  73|0x0000000088b00000, 0x0000000088b00000, 0x0000000088c00000|  0%| F|  |TAMS 0x0000000088b00000, 0x0000000088b00000| Untracked 
|  74|0x0000000088c00000, 0x0000000088c00000, 0x0000000088d00000|  0%| F|  |TAMS 0x0000000088c00000, 0x0000000088c00000| Untracked 
|  75|0x0000000088d00000, 0x0000000088d00000, 0x0000000088e00000|  0%| F|  |TAMS 0x0000000088d00000, 0x0000000088d00000| Untracked 
|  76|0x0000000088e00000, 0x0000000088e00000, 0x0000000088f00000|  0%| F|  |TAMS 0x0000000088e00000, 0x0000000088e00000| Untracked 
|  77|0x0000000088f00000, 0x0000000088f00000, 0x0000000089000000|  0%| F|  |TAMS 0x0000000088f00000, 0x0000000088f00000| Untracked 
|  78|0x0000000089000000, 0x0000000089000000, 0x0000000089100000|  0%| F|  |TAMS 0x0000000089000000, 0x0000000089000000| Untracked 
|  79|0x0000000089100000, 0x0000000089100000, 0x0000000089200000|  0%| F|  |TAMS 0x0000000089100000, 0x0000000089100000| Untracked 
|  80|0x0000000089200000, 0x0000000089200000, 0x0000000089300000|  0%| F|  |TAMS 0x0000000089200000, 0x0000000089200000| Untracked 
|  81|0x0000000089300000, 0x0000000089300000, 0x0000000089400000|  0%| F|  |TAMS 0x0000000089300000, 0x0000000089300000| Untracked 
|  82|0x0000000089400000, 0x0000000089400000, 0x0000000089500000|  0%| F|  |TAMS 0x0000000089400000, 0x0000000089400000| Untracked 
|  83|0x0000000089500000, 0x0000000089500000, 0x0000000089600000|  0%| F|  |TAMS 0x0000000089500000, 0x0000000089500000| Untracked 
|  84|0x0000000089600000, 0x0000000089600000, 0x0000000089700000|  0%| F|  |TAMS 0x0000000089600000, 0x0000000089600000| Untracked 
|  85|0x0000000089700000, 0x0000000089700000, 0x0000000089800000|  0%| F|  |TAMS 0x0000000089700000, 0x0000000089700000| Untracked 
|  86|0x0000000089800000, 0x0000000089800000, 0x0000000089900000|  0%| F|  |TAMS 0x0000000089800000, 0x0000000089800000| Untracked 
|  87|0x0000000089900000, 0x0000000089900000, 0x0000000089a00000|  0%| F|  |TAMS 0x0000000089900000, 0x0000000089900000| Untracked 
|  88|0x0000000089a00000, 0x0000000089a00000, 0x0000000089b00000|  0%| F|  |TAMS 0x0000000089a00000, 0x0000000089a00000| Untracked 
|  89|0x0000000089b00000, 0x0000000089c00000, 0x0000000089c00000|100%| S|CS|TAMS 0x0000000089b00000, 0x0000000089b00000| Complete 
|  90|0x0000000089c00000, 0x0000000089d00000, 0x0000000089d00000|100%| S|CS|TAMS 0x0000000089c00000, 0x0000000089c00000| Complete 
|  91|0x0000000089d00000, 0x0000000089e00000, 0x0000000089e00000|100%| S|CS|TAMS 0x0000000089d00000, 0x0000000089d00000| Complete 
|  92|0x0000000089e00000, 0x0000000089f00000, 0x0000000089f00000|100%| S|CS|TAMS 0x0000000089e00000, 0x0000000089e00000| Complete 
|  93|0x0000000089f00000, 0x0000000089f00000, 0x000000008a000000|  0%| F|  |TAMS 0x0000000089f00000, 0x0000000089f00000| Untracked 
|  94|0x000000008a000000, 0x000000008a000000, 0x000000008a100000|  0%| F|  |TAMS 0x000000008a000000, 0x000000008a000000| Untracked 
|  95|0x000000008a100000, 0x000000008a100000, 0x000000008a200000|  0%| F|  |TAMS 0x000000008a100000, 0x000000008a100000| Untracked 
|  96|0x000000008a200000, 0x000000008a200000, 0x000000008a300000|  0%| F|  |TAMS 0x000000008a200000, 0x000000008a200000| Untracked 
|  97|0x000000008a300000, 0x000000008a300000, 0x000000008a400000|  0%| F|  |TAMS 0x000000008a300000, 0x000000008a300000| Untracked 
|  98|0x000000008a400000, 0x000000008a400000, 0x000000008a500000|  0%| F|  |TAMS 0x000000008a400000, 0x000000008a400000| Untracked 
|  99|0x000000008a500000, 0x000000008a500000, 0x000000008a600000|  0%| F|  |TAMS 0x000000008a500000, 0x000000008a500000| Untracked 
| 100|0x000000008a600000, 0x000000008a600000, 0x000000008a700000|  0%| F|  |TAMS 0x000000008a600000, 0x000000008a600000| Untracked 
| 101|0x000000008a700000, 0x000000008a700000, 0x000000008a800000|  0%| F|  |TAMS 0x000000008a700000, 0x000000008a700000| Untracked 
| 102|0x000000008a800000, 0x000000008a800000, 0x000000008a900000|  0%| F|  |TAMS 0x000000008a800000, 0x000000008a800000| Untracked 
| 103|0x000000008a900000, 0x000000008a900000, 0x000000008aa00000|  0%| F|  |TAMS 0x000000008a900000, 0x000000008a900000| Untracked 
| 104|0x000000008aa00000, 0x000000008aa00000, 0x000000008ab00000|  0%| F|  |TAMS 0x000000008aa00000, 0x000000008aa00000| Untracked 
| 105|0x000000008ab00000, 0x000000008ab00000, 0x000000008ac00000|  0%| F|  |TAMS 0x000000008ab00000, 0x000000008ab00000| Untracked 
| 106|0x000000008ac00000, 0x000000008ac00000, 0x000000008ad00000|  0%| F|  |TAMS 0x000000008ac00000, 0x000000008ac00000| Untracked 
| 107|0x000000008ad00000, 0x000000008ad00000, 0x000000008ae00000|  0%| F|  |TAMS 0x000000008ad00000, 0x000000008ad00000| Untracked 
| 108|0x000000008ae00000, 0x000000008ae00000, 0x000000008af00000|  0%| F|  |TAMS 0x000000008ae00000, 0x000000008ae00000| Untracked 
| 109|0x000000008af00000, 0x000000008af00000, 0x000000008b000000|  0%| F|  |TAMS 0x000000008af00000, 0x000000008af00000| Untracked 
| 110|0x000000008b000000, 0x000000008b0ca2a0, 0x000000008b100000| 78%| E|  |TAMS 0x000000008b000000, 0x000000008b000000| Complete 
| 111|0x000000008b100000, 0x000000008b200000, 0x000000008b200000|100%| E|CS|TAMS 0x000000008b100000, 0x000000008b100000| Complete 
| 112|0x000000008b200000, 0x000000008b300000, 0x000000008b300000|100%| E|CS|TAMS 0x000000008b200000, 0x000000008b200000| Complete 
| 113|0x000000008b300000, 0x000000008b400000, 0x000000008b400000|100%| E|  |TAMS 0x000000008b300000, 0x000000008b300000| Complete 
| 114|0x000000008b400000, 0x000000008b500000, 0x000000008b500000|100%| E|CS|TAMS 0x000000008b400000, 0x000000008b400000| Complete 
| 115|0x000000008b500000, 0x000000008b600000, 0x000000008b600000|100%| E|CS|TAMS 0x000000008b500000, 0x000000008b500000| Complete 
| 116|0x000000008b600000, 0x000000008b700000, 0x000000008b700000|100%| E|CS|TAMS 0x000000008b600000, 0x000000008b600000| Complete 
| 117|0x000000008b700000, 0x000000008b800000, 0x000000008b800000|100%| E|CS|TAMS 0x000000008b700000, 0x000000008b700000| Complete 
| 118|0x000000008b800000, 0x000000008b900000, 0x000000008b900000|100%| E|CS|TAMS 0x000000008b800000, 0x000000008b800000| Complete 
| 119|0x000000008b900000, 0x000000008ba00000, 0x000000008ba00000|100%| E|CS|TAMS 0x000000008b900000, 0x000000008b900000| Complete 
| 120|0x000000008ba00000, 0x000000008bb00000, 0x000000008bb00000|100%| E|CS|TAMS 0x000000008ba00000, 0x000000008ba00000| Complete 
| 121|0x000000008bb00000, 0x000000008bc00000, 0x000000008bc00000|100%| E|CS|TAMS 0x000000008bb00000, 0x000000008bb00000| Complete 
| 122|0x000000008bc00000, 0x000000008bd00000, 0x000000008bd00000|100%| E|CS|TAMS 0x000000008bc00000, 0x000000008bc00000| Complete 
| 123|0x000000008bd00000, 0x000000008be00000, 0x000000008be00000|100%| E|CS|TAMS 0x000000008bd00000, 0x000000008bd00000| Complete 

Card table byte_map: [0x000001f4a74a0000,0x000001f4a7880000] _byte_map_base: 0x000001f4a707f000

Marking Bits (Prev, Next): (CMBitMap*) 0x000001f48e564790, (CMBitMap*) 0x000001f48e564758
 Prev Bits: [0x000001f4a9b60000, 0x000001f4aba58000)
 Next Bits: [0x000001f4a7c60000, 0x000001f4a9b58000)

Polling page: 0x000001f48e250000

Metaspace:

Usage:
  Non-class:     28.67 MB capacity,    28.38 MB ( 99%) used,   244.41 KB ( <1%) free+waste,    52.81 KB ( <1%) overhead. 
      Class:      3.75 MB capacity,     3.58 MB ( 95%) used,   150.99 KB (  4%) free+waste,    23.56 KB ( <1%) overhead. 
       Both:     32.42 MB capacity,    31.96 MB ( 99%) used,   395.40 KB (  1%) free+waste,    76.38 KB ( <1%) overhead. 

Virtual space:
  Non-class space:       30.00 MB reserved,      28.75 MB ( 96%) committed 
      Class space:        1.00 GB reserved,       3.88 MB ( <1%) committed 
             Both:        1.03 GB reserved,      32.63 MB (  3%) committed 

Chunk freelists:
   Non-Class:  2.38 KB
       Class:  3.88 KB
        Both:  6.25 KB

CodeHeap 'non-profiled nmethods': size=120000Kb used=590Kb max_used=590Kb free=119409Kb
 bounds [0x000001f49ef00000, 0x000001f49f170000, 0x000001f4a6430000]
CodeHeap 'profiled nmethods': size=120000Kb used=3437Kb max_used=3437Kb free=116562Kb
 bounds [0x000001f4979d0000, 0x000001f497d30000, 0x000001f49ef00000]
CodeHeap 'non-nmethods': size=5760Kb used=1165Kb max_used=1182Kb free=4594Kb
 bounds [0x000001f497430000, 0x000001f4976a0000, 0x000001f4979d0000]
 total_blobs=2406 nmethods=1894 adapters=423
 compilation: enabled
              stopped_count=0, restarted_count=0
 full_count=0

Compilation events (10 events):
Event: 6.591 Thread 0x000001f4ae76f000 nmethod 1829 0x000001f49ef8bb10 code [0x000001f49ef8bca0, 0x000001f49ef8bd58]
Event: 6.591 Thread 0x000001f4ae76f000 1821       1       org.antlr.v4.runtime.atn.EpsilonTransition::isEpsilon (2 bytes)
Event: 6.591 Thread 0x000001f4ae76f000 nmethod 1821 0x000001f49ef8be10 code [0x000001f49ef8bfa0, 0x000001f49ef8c058]
Event: 6.591 Thread 0x000001f4ae76f000 1822       1       org.antlr.v4.runtime.atn.Transition::isEpsilon (2 bytes)
Event: 6.591 Thread 0x000001f4ae76f000 nmethod 1822 0x000001f49ef8c110 code [0x000001f49ef8c2a0, 0x000001f49ef8c358]
Event: 6.599 Thread 0x000001f4b16a8000 nmethod 1789 0x000001f49ef8c410 code [0x000001f49ef8c5e0, 0x000001f49ef8cd08]
Event: 6.599 Thread 0x000001f4b16a8000 1817       4       java.util.ArrayList$Itr::next (66 bytes)
Event: 6.600 Thread 0x000001f4b16a8000 nmethod 1817 0x000001f49ef8d190 code [0x000001f49ef8d320, 0x000001f49ef8d438]
Event: 6.600 Thread 0x000001f4b16a8000 1810       4       java.lang.StringUTF16::getChar (60 bytes)
Event: 6.600 Thread 0x000001f4b16a8000 nmethod 1810 0x000001f49ef8d590 code [0x000001f49ef8d700, 0x000001f49ef8d7b8]

GC Heap History (6 events):
Event: 0.843 GC heap before
{Heap before GC invocations=0 (full 0):
 garbage-first heap   total 126976K, used 29696K [0x0000000084200000, 0x0000000100000000)
  region size 1024K, 24 young (24576K), 0 survivors (0K)
 Metaspace       used 16194K, capacity 16376K, committed 16640K, reserved 1064960K
  class space    used 1656K, capacity 1740K, committed 1792K, reserved 1048576K
}
Event: 0.849 GC heap after
{Heap after GC invocations=1 (full 0):
 garbage-first heap   total 126976K, used 6455K [0x0000000084200000, 0x0000000100000000)
  region size 1024K, 3 young (3072K), 3 survivors (3072K)
 Metaspace       used 16194K, capacity 16376K, committed 16640K, reserved 1064960K
  class space    used 1656K, capacity 1740K, committed 1792K, reserved 1048576K
}
Event: 1.045 GC heap before
{Heap before GC invocations=1 (full 0):
 garbage-first heap   total 126976K, used 19767K [0x0000000084200000, 0x0000000100000000)
  region size 1024K, 17 young (17408K), 3 survivors (3072K)
 Metaspace       used 20748K, capacity 21025K, committed 21248K, reserved 1069056K
  class space    used 2195K, capacity 2284K, committed 2304K, reserved 1048576K
}
Event: 1.049 GC heap after
{Heap after GC invocations=2 (full 0):
 garbage-first heap   total 126976K, used 7479K [0x0000000084200000, 0x0000000100000000)
  region size 1024K, 4 young (4096K), 4 survivors (4096K)
 Metaspace       used 20748K, capacity 21025K, committed 21248K, reserved 1069056K
  class space    used 2195K, capacity 2284K, committed 2304K, reserved 1048576K
}
Event: 1.753 GC heap before
{Heap before GC invocations=3 (full 0):
 garbage-first heap   total 126976K, used 35127K [0x0000000084200000, 0x0000000100000000)
  region size 1024K, 31 young (31744K), 4 survivors (4096K)
 Metaspace       used 29040K, capacity 29444K, committed 29824K, reserved 1075200K
  class space    used 3157K, capacity 3330K, committed 3456K, reserved 1048576K
}
Event: 1.782 GC heap after
{Heap after GC invocations=4 (full 0):
 garbage-first heap   total 126976K, used 11079K [0x0000000084200000, 0x0000000100000000)
  region size 1024K, 4 young (4096K), 4 survivors (4096K)
 Metaspace       used 29040K, capacity 29444K, committed 29824K, reserved 1075200K
  class space    used 3157K, capacity 3330K, committed 3456K, reserved 1048576K
}

Deoptimization events (10 events):
Event: 1.462 Thread 0x000001f4af756800 Uncommon trap: reason=bimorphic_or_optimized_type_check action=maybe_recompile pc=0x000001f49ef1f8bc method=java.util.HashMap.getNode(ILjava/lang/Object;)Ljava/util/HashMap$Node; @ 59 c2
Event: 1.531 Thread 0x000001f4b0fbc000 Uncommon trap: reason=bimorphic_or_optimized_type_check action=maybe_recompile pc=0x000001f49ef1f8bc method=java.util.HashMap.getNode(ILjava/lang/Object;)Ljava/util/HashMap$Node; @ 59 c2
Event: 1.534 Thread 0x000001f4b1131800 Uncommon trap: reason=bimorphic_or_optimized_type_check action=maybe_recompile pc=0x000001f49ef1f8bc method=java.util.HashMap.getNode(ILjava/lang/Object;)Ljava/util/HashMap$Node; @ 59 c2
Event: 6.497 Thread 0x000001f4af80f000 Uncommon trap: reason=bimorphic_or_optimized_type_check action=maybe_recompile pc=0x000001f49ef845a8 method=java.util.HashMap.getNode(ILjava/lang/Object;)Ljava/util/HashMap$Node; @ 126 c2
Event: 6.500 Thread 0x000001f4af80f000 Uncommon trap: reason=bimorphic_or_optimized_type_check action=maybe_recompile pc=0x000001f49ef25978 method=java.util.HashMap.getNode(ILjava/lang/Object;)Ljava/util/HashMap$Node; @ 126 c2
Event: 6.502 Thread 0x000001f4af80f000 Uncommon trap: reason=bimorphic_or_optimized_type_check action=maybe_recompile pc=0x000001f49ef845a8 method=java.util.HashMap.getNode(ILjava/lang/Object;)Ljava/util/HashMap$Node; @ 126 c2
Event: 6.507 Thread 0x000001f4b0c7c800 Uncommon trap: reason=unstable_if action=reinterpret pc=0x000001f49ef5e57c method=java.lang.StringLatin1.regionMatchesCI([BI[BII)Z @ 66 c2
Event: 6.529 Thread 0x000001f4b0c76800 Uncommon trap: reason=bimorphic_or_optimized_type_check action=maybe_recompile pc=0x000001f49ef5ef0c method=java.util.Collections$UnmodifiableList.get(I)Ljava/lang/Object; @ 5 c2
Event: 6.552 Thread 0x000001f4b0c76800 Uncommon trap: reason=unstable_if action=reinterpret pc=0x000001f49ef6da2c method=jdk.internal.org.objectweb.asm.Frame.execute(IILjdk/internal/org/objectweb/asm/ClassWriter;Ljdk/internal/org/objectweb/asm/Item;)V @ 1 c2
Event: 6.553 Thread 0x000001f4b0c76800 Uncommon trap: reason=unstable_if action=reinterpret pc=0x000001f49ef6719c method=jdk.internal.org.objectweb.asm.Type.getArgumentsAndReturnSizes(Ljava/lang/String;)I @ 88 c2

Classes redefined (0 events):
No events

Internal exceptions (10 events):
Event: 1.726 Thread 0x000001f4b0e00800 Exception <a 'java/lang/NoSuchMethodError'{0x0000000089f0f890}: java.lang.invoke.DirectMethodHandle$Holder.invokeSpecial(Ljava/lang/Object;Ljava/lang/Object;IILjava/lang/Object;II)Ljava/lang/Object;> (0x0000000089f0f890) thrown at [./open/src/hotspot/shar
Event: 1.726 Thread 0x000001f4b0e00800 Exception <a 'java/lang/NoSuchMethodError'{0x0000000089f12c10}: java.lang.invoke.DelegatingMethodHandle$Holder.reinvoke_L(Ljava/lang/Object;IILjava/lang/Object;II)Ljava/lang/Object;> (0x0000000089f12c10) thrown at [./open/src/hotspot/share/interpreter/lin
Event: 1.727 Thread 0x000001f4b0e00800 Exception <a 'java/lang/NoSuchMethodError'{0x0000000089f16d08}: java.lang.invoke.DirectMethodHandle$Holder.invokeStatic(Ljava/lang/Object;Ljava/lang/Object;Ljava/lang/Object;Ljava/lang/Object;I)Ljava/lang/Object;> (0x0000000089f16d08) thrown at [./open/sr
Event: 1.732 Thread 0x000001f4b0e00800 Exception <a 'java/lang/NoSuchMethodError'{0x0000000089f4aca0}: java.lang.invoke.Invokers$Holder.linkToTargetMethod(Ljava/lang/Object;IILjava/lang/Object;)Ljava/lang/Object;> (0x0000000089f4aca0) thrown at [./open/src/hotspot/share/interpreter/linkResolve
Event: 6.532 Thread 0x000001f4b0c76800 Exception <a 'java/lang/NoSuchMethodError'{0x000000008b722980}: java.lang.invoke.DirectMethodHandle$Holder.invokeSpecial(Ljava/lang/Object;Ljava/lang/Object;Ljava/lang/Object;Ljava/lang/Object;)V> (0x000000008b722980) thrown at [./open/src/hotspot/share/i
Event: 6.552 Thread 0x000001f4b0c76800 Exception <a 'java/lang/NoSuchMethodError'{0x000000008b697450}: java.lang.invoke.DirectMethodHandle$Holder.invokeStaticInit(Ljava/lang/Object;Ljava/lang/Object;Ljava/lang/Object;)I> (0x000000008b697450) thrown at [./open/src/hotspot/share/interpreter/link
Event: 6.553 Thread 0x000001f4b0c76800 Exception <a 'java/lang/NoSuchMethodError'{0x000000008b69ec48}: java.lang.invoke.DirectMethodHandle$Holder.invokeStatic(Ljava/lang/Object;Ljava/lang/Object;Ljava/lang/Object;Ljava/lang/Object;Ljava/lang/Object;)I> (0x000000008b69ec48) thrown at [./open/sr
Event: 6.559 Thread 0x000001f4b0c76800 Exception <a 'java/lang/NoSuchMethodError'{0x000000008b6fbff0}: java.lang.invoke.DirectMethodHandle$Holder.invokeSpecial(Ljava/lang/Object;Ljava/lang/Object;Ljava/lang/Object;Ljava/lang/Object;J)Ljava/lang/Object;> (0x000000008b6fbff0) thrown at [./open/s
Event: 6.561 Thread 0x000001f4b0c76800 Exception <a 'java/lang/NoSuchMethodError'{0x000000008b51f898}: java.lang.invoke.DirectMethodHandle$Holder.invokeInterface(Ljava/lang/Object;Ljava/lang/Object;)V> (0x000000008b51f898) thrown at [./open/src/hotspot/share/interpreter/linkResolver.cpp, line 
Event: 6.564 Thread 0x000001f4b0c76800 Exception <a 'java/lang/NoSuchMethodError'{0x000000008b558a70}: java.lang.invoke.DirectMethodHandle$Holder.invokeVirtual(Ljava/lang/Object;Ljava/lang/Object;Ljava/lang/Object;)Ljava/lang/Object;> (0x000000008b558a70) thrown at [./open/src/hotspot/share/in

Events (10 events):
Event: 6.600 loading class com/google/firebase/rules/lang/FirebaseRulesParser$LogicalAndExpressionContext
Event: 6.600 loading class com/google/firebase/rules/lang/FirebaseRulesParser$LogicalAndExpressionContext done
Event: 6.600 loading class com/google/firebase/rules/lang/FirebaseRulesParser$LogicalOrExpressionContext
Event: 6.600 loading class com/google/firebase/rules/lang/FirebaseRulesParser$LogicalOrExpressionContext done
Event: 6.601 loading class com/google/firebase/rules/lang/FirebaseRulesParser$TernaryExpressionContext
Event: 6.601 loading class com/google/firebase/rules/lang/FirebaseRulesParser$TernaryExpressionContext done
Event: 6.601 loading class com/google/firebase/rules/lang/FirebaseRulesParser$ExprIsTypeIdExpressionContext
Event: 6.601 loading class com/google/firebase/rules/lang/FirebaseRulesParser$ExprIsTypeIdExpressionContext done
Event: 6.601 loading class com/google/firebase/rules/lang/FirebaseRulesParser$LiteralContext
Event: 6.601 loading class com/google/firebase/rules/lang/FirebaseRulesParser$LiteralContext done


Dynamic libraries:
0x00007ff6543c0000 - 0x00007ff6543cf000 	C:\Program Files\Java\jdk-11.0.17\bin\java.exe
0x00007fff5d930000 - 0x00007fff5db28000 	C:\WINDOWS\SYSTEM32\ntdll.dll
0x00007fff5bd60000 - 0x00007fff5be1f000 	C:\WINDOWS\System32\KERNEL32.DLL
0x00007fff5b2c0000 - 0x00007fff5b592000 	C:\WINDOWS\System32\KERNELBASE.dll
0x00007fff5b7f0000 - 0x00007fff5b8f0000 	C:\WINDOWS\System32\ucrtbase.dll
0x00007fff48ec0000 - 0x00007fff48ed8000 	C:\Program Files\Java\jdk-11.0.17\bin\jli.dll
0x00007fff48e00000 - 0x00007fff48e15000 	C:\Program Files\Java\jdk-11.0.17\bin\VCRUNTIME140.dll
0x00007fff5d3d0000 - 0x00007fff5d47e000 	C:\WINDOWS\System32\ADVAPI32.dll
0x00007fff5d320000 - 0x00007fff5d3be000 	C:\WINDOWS\System32\msvcrt.dll
0x00007fff5c5c0000 - 0x00007fff5c65c000 	C:\WINDOWS\System32\sechost.dll
0x00007fff5c050000 - 0x00007fff5c175000 	C:\WINDOWS\System32\RPCRT4.dll
0x00007fff5c370000 - 0x00007fff5c511000 	C:\WINDOWS\System32\USER32.dll
0x00007fff3ec60000 - 0x00007fff3eefa000 	C:\WINDOWS\WinSxS\amd64_microsoft.windows.common-controls_6595b64144ccf1df_6.0.19041.1110_none_60b5254171f9507e\COMCTL32.dll
0x00007fff5b8f0000 - 0x00007fff5b912000 	C:\WINDOWS\System32\win32u.dll
0x00007fff5bfc0000 - 0x00007fff5bfeb000 	C:\WINDOWS\System32\GDI32.dll
0x00007fff5b5a0000 - 0x00007fff5b6af000 	C:\WINDOWS\System32\gdi32full.dll
0x00007fff5b220000 - 0x00007fff5b2bd000 	C:\WINDOWS\System32\msvcp_win.dll
0x00007fff4f000000 - 0x00007fff4f00a000 	C:\WINDOWS\SYSTEM32\VERSION.dll
0x00007fff5c520000 - 0x00007fff5c552000 	C:\WINDOWS\System32\IMM32.DLL
0x00007fff1a3a0000 - 0x00007fff1a43b000 	C:\Program Files\Java\jdk-11.0.17\bin\msvcp140.dll
0x00007fff11250000 - 0x00007fff11d6a000 	C:\Program Files\Java\jdk-11.0.17\bin\server\jvm.dll
0x00007fff5be20000 - 0x00007fff5be28000 	C:\WINDOWS\System32\PSAPI.DLL
0x00007fff521d0000 - 0x00007fff521d9000 	C:\WINDOWS\SYSTEM32\WSOCK32.dll
0x00007fff40400000 - 0x00007fff40427000 	C:\WINDOWS\SYSTEM32\WINMM.dll
0x00007fff5bf50000 - 0x00007fff5bfbb000 	C:\WINDOWS\System32\WS2_32.dll
0x00007fff59870000 - 0x00007fff59882000 	C:\WINDOWS\SYSTEM32\kernel.appcore.dll
0x00007fff4fac0000 - 0x00007fff4fad0000 	C:\Program Files\Java\jdk-11.0.17\bin\verify.dll
0x00007fff595a0000 - 0x00007fff59784000 	C:\WINDOWS\SYSTEM32\DBGHELP.DLL
0x00007fff52e70000 - 0x00007fff52ea5000 	C:\WINDOWS\SYSTEM32\dbgcore.DLL
0x00007fff5b6b0000 - 0x00007fff5b732000 	C:\WINDOWS\System32\bcryptPrimitives.dll
0x00007fff488d0000 - 0x00007fff488f8000 	C:\Program Files\Java\jdk-11.0.17\bin\java.dll
0x00007fff4fa90000 - 0x00007fff4fa9a000 	C:\Program Files\Java\jdk-11.0.17\bin\jimage.dll
0x00007fff48dd0000 - 0x00007fff48de6000 	C:\Program Files\Java\jdk-11.0.17\bin\zip.dll
0x00007fff5c9c0000 - 0x00007fff5d105000 	C:\WINDOWS\System32\SHELL32.dll
0x00007fff58d30000 - 0x00007fff594c2000 	C:\WINDOWS\SYSTEM32\windows.storage.dll
0x00007fff5c660000 - 0x00007fff5c9b5000 	C:\WINDOWS\System32\combase.dll
0x00007fff5aa80000 - 0x00007fff5aab0000 	C:\WINDOWS\SYSTEM32\Wldp.dll
0x00007fff5b970000 - 0x00007fff5ba1d000 	C:\WINDOWS\System32\SHCORE.dll
0x00007fff5bc80000 - 0x00007fff5bcd5000 	C:\WINDOWS\System32\shlwapi.dll
0x00007fff5af60000 - 0x00007fff5af7f000 	C:\WINDOWS\SYSTEM32\profapi.dll
0x00007fff465a0000 - 0x00007fff465b9000 	C:\Program Files\Java\jdk-11.0.17\bin\net.dll
0x00007fff52320000 - 0x00007fff5242c000 	C:\WINDOWS\SYSTEM32\WINHTTP.dll
0x00007fff5a7e0000 - 0x00007fff5a84a000 	C:\WINDOWS\system32\mswsock.dll
0x00007fff352e0000 - 0x00007fff352f2000 	C:\Program Files\Java\jdk-11.0.17\bin\nio.dll
0x00007fff4fa50000 - 0x00007fff4fa59000 	C:\Program Files\Java\jdk-11.0.17\bin\management.dll
0x00007fff48eb0000 - 0x00007fff48ebb000 	C:\Program Files\Java\jdk-11.0.17\bin\management_ext.dll
0x00007fff5a9e0000 - 0x00007fff5a9f8000 	C:\WINDOWS\SYSTEM32\CRYPTSP.dll
0x00007fff5a090000 - 0x00007fff5a0c4000 	C:\WINDOWS\system32\rsaenh.dll
0x00007fff5b020000 - 0x00007fff5b047000 	C:\WINDOWS\System32\bcrypt.dll
0x00007fff5af20000 - 0x00007fff5af4e000 	C:\WINDOWS\SYSTEM32\USERENV.dll
0x00007fff5a9d0000 - 0x00007fff5a9dc000 	C:\WINDOWS\SYSTEM32\CRYPTBASE.dll
0x00007fff5a480000 - 0x00007fff5a4bb000 	C:\WINDOWS\SYSTEM32\IPHLPAPI.DLL
0x00007fff5d3c0000 - 0x00007fff5d3c8000 	C:\WINDOWS\System32\NSI.dll
0x00007fff4efc0000 - 0x00007fff4efd7000 	C:\WINDOWS\SYSTEM32\dhcpcsvc6.DLL
0x00007fff4fd90000 - 0x00007fff4fdad000 	C:\WINDOWS\SYSTEM32\dhcpcsvc.DLL
0x00007fff5a4c0000 - 0x00007fff5a58b000 	C:\WINDOWS\SYSTEM32\DNSAPI.dll

dbghelp: loaded successfully - version: 4.0.5 - missing functions: none
symbol engine: initialized successfully - sym options: 0x614 - pdb path: .;C:\Program Files\Java\jdk-11.0.17\bin;C:\WINDOWS\SYSTEM32;C:\WINDOWS\WinSxS\amd64_microsoft.windows.common-controls_6595b64144ccf1df_6.0.19041.1110_none_60b5254171f9507e;C:\Program Files\Java\jdk-11.0.17\bin\server

VM Arguments:
jvm_args: -Dgoogle.cloud_firestore.debug_log_level=FINE -Duser.language=en 
java_command: C:\Users\pcgou\.cache\firebase\emulators\cloud-firestore-emulator-v1.16.0.jar --host 127.0.0.1 --port 8080 --websocket_port 9150 --project_id ds-blog-local --rules C:\Users\pcgou\Documents\school\2022W2\CPSC319\9ds-frontend\firestore.rules
java_class_path (initial): C:\Users\pcgou\.cache\firebase\emulators\cloud-firestore-emulator-v1.16.0.jar
Launcher Type: SUN_STANDARD

[Global flags]
     intx CICompilerCount                          = 4                                         {product} {ergonomic}
     uint ConcGCThreads                            = 3                                         {product} {ergonomic}
     uint G1ConcRefinementThreads                  = 10                                        {product} {ergonomic}
   size_t G1HeapRegionSize                         = 1048576                                   {product} {ergonomic}
    uintx GCDrainStackTargetSize                   = 64                                        {product} {ergonomic}
   size_t InitialHeapSize                          = 130023424                                 {product} {ergonomic}
   size_t MarkStackSize                            = 4194304                                   {product} {ergonomic}
   size_t MaxHeapSize                              = 2078277632                                {product} {ergonomic}
   size_t MaxNewSize                               = 1246756864                                {product} {ergonomic}
   size_t MinHeapDeltaBytes                        = 1048576                                   {product} {ergonomic}
    uintx NonNMethodCodeHeapSize                   = 5836300                                {pd product} {ergonomic}
    uintx NonProfiledCodeHeapSize                  = 122910970                              {pd product} {ergonomic}
    uintx ProfiledCodeHeapSize                     = 122910970                              {pd product} {ergonomic}
    uintx ReservedCodeCacheSize                    = 251658240                              {pd product} {ergonomic}
     bool SegmentedCodeCache                       = true                                      {product} {ergonomic}
     bool UseCompressedClassPointers               = true                                 {lp64_product} {ergonomic}
     bool UseCompressedOops                        = true                                 {lp64_product} {ergonomic}
     bool UseG1GC                                  = true                                      {product} {ergonomic}
     bool UseLargePagesIndividualAllocation        = false                                  {pd product} {ergonomic}

Logging:
Log output configuration:
 #0: stdout all=warning uptime,level,tags
 #1: stderr all=off uptime,level,tags

Environment Variables:
PATH=C:\Program Files\Common Files\Oracle\Java\javapath;C:\WINDOWS\system32;C:\WINDOWS;C:\WINDOWS\System32\Wbem;C:\WINDOWS\System32\WindowsPowerShell\v1.0\;C:\WINDOWS\System32\OpenSSH\;C:\Program Files\Git\cmd;C:\Program Files\nodejs\;C:\Users\pcgou\AppData\Local\Microsoft\WindowsApps;C:\Users\pcgou\AppData\Roaming\npm;C:\Users\pcgou\AppData\Local\Programs\Microsoft VS Code\bin
USERNAME=pcgou
OS=Windows_NT
PROCESSOR_IDENTIFIER=Intel64 Family 6 Model 158 Stepping 10, GenuineIntel



---------------  S Y S T E M  ---------------

OS: Windows 10 , 64 bit Build 19041 (10.0.19041.2546)

CPU:total 12 (initial active 12) (6 cores per cpu, 2 threads per core) family 6 model 158 stepping 10 microcode 0xea, cmov, cx8, fxsr, mmx, sse, sse2, sse3, ssse3, sse4.1, sse4.2, popcnt, avx, avx2, aes, clmul, erms, 3dnowpref, lzcnt, ht, tsc, tscinvbit, bmi1, bmi2, adx, fma

Memory: 4k page, system-wide physical 7926M (1281M free)
TotalPageFile size 7926M (AvailPageFile size 4M)
current process WorkingSet (physical memory assigned to process): 147M, peak: 147M
current process commit charge ("private bytes"): 274M, peak: 274M

vm_info: Java HotSpot(TM) 64-Bit Server VM (11.0.17+10-LTS-269) for windows-amd64 JRE (11.0.17+10-LTS-269), built on Sep 13 2022 19:26:37 by "mach5one" with MS VC++ 15.9 (VS2017)

END.
