#
# There is insufficient memory for the Java Runtime Environment to continue.
# Native memory allocation (malloc) failed to allocate 1048576 bytes for AllocateHeap
# Possible reasons:
#   The system is out of physical RAM or swap space
#   The process is running with CompressedOops enabled, and the Java Heap may be blocking the growth of the native heap
# Possible solutions:
#   Reduce memory load on the system
#   Increase physical memory or swap space
#   Check if swap backing store is full
#   Decrease Java heap size (-Xmx/-Xms)
#   Decrease number of Java threads
#   Decrease Java thread stack sizes (-Xss)
#   Set larger code cache with -XX:ReservedCodeCacheSize=
#   JVM is running with Unscaled Compressed Oops mode in which the Java heap is
#     placed in the first 4GB address space. The Java Heap base address is the
#     maximum limit for the native heap growth. Please use -XX:HeapBaseMinAddress
#     to set the Java Heap base and to place the Java Heap above 4GB virtual address.
# This output file may be truncated or incomplete.
#
#  Out of Memory Error (./open/src/hotspot/share/memory/allocation.cpp:46), pid=12304, tid=8884
#
# JRE version:  (11.0.17+10) (build )
# Java VM: Java HotSpot(TM) 64-Bit Server VM (11.0.17+10-LTS-269, mixed mode, sharing, tiered, compressed oops, g1 gc, windows-amd64)
# No core dump will be written. Minidumps are not enabled by default on client versions of Windows
#

---------------  S U M M A R Y ------------

Command Line: -Duser.language=en -Dfile.encoding=UTF-8 

Host: Intel(R) Core(TM) i7-8750H CPU @ 2.20GHz, 12 cores, 7G,  Windows 10 , 64 bit Build 19041 (10.0.19041.2546)
Time: Mon Mar 13 12:01:55 2023 Eastern Daylight Time elapsed time: 0.011110 seconds (0d 0h 0m 0s)

---------------  T H R E A D  ---------------

Current thread (0x0000024518926800):  JavaThread "Unknown thread" [_thread_in_vm, id=8884, stack(0x000000bd44800000,0x000000bd44900000)]

Stack: [0x000000bd44800000,0x000000bd44900000]
Native frames: (J=compiled Java code, j=interpreted, Vv=VM code, C=native code)
V  [jvm.dll+0x62b5da]
V  [jvm.dll+0x7653df]
V  [jvm.dll+0x766a89]
V  [jvm.dll+0x767113]
V  [jvm.dll+0x23dd28]
V  [jvm.dll+0xb1494]
V  [jvm.dll+0x2cc258]
V  [jvm.dll+0x73f997]
V  [jvm.dll+0x74123f]
V  [jvm.dll+0x347039]
V  [jvm.dll+0x725280]
V  [jvm.dll+0x3b5c1f]
V  [jvm.dll+0x3b7d31]
C  [jli.dll+0x5207]
C  [ucrtbase.dll+0x21bb2]
C  [KERNEL32.DLL+0x17614]
C  [ntdll.dll+0x526a1]


---------------  P R O C E S S  ---------------

Threads class SMR info:
_java_thread_list=0x000002451701daf0, length=0, elements={
}

Java Threads: ( => current thread )

Other Threads:

=>0x0000024518926800 (exited) JavaThread "Unknown thread" [_thread_in_vm, id=8884, stack(0x000000bd44800000,0x000000bd44900000)]

Threads with active compile tasks:

VM state:not at safepoint (not fully initialized)

VM Mutex/Monitor currently owned by a thread: None


[error occurred during error reporting (printing compressed oops mode), id 0xc0000005, EXCEPTION_ACCESS_VIOLATION (0xc0000005) at pc=0x00007ffe43680887]

GC Heap History (0 events):
No events

Deoptimization events (0 events):
No events

Classes redefined (0 events):
No events

Internal exceptions (0 events):
No events

Events (0 events):
No events


Dynamic libraries:
0x00007ff6de280000 - 0x00007ff6de28f000 	C:\Program Files\Java\jdk-11.0.17\bin\java.exe
0x00007ffe925f0000 - 0x00007ffe927e8000 	C:\WINDOWS\SYSTEM32\ntdll.dll
0x00007ffe90d10000 - 0x00007ffe90dcf000 	C:\WINDOWS\System32\KERNEL32.DLL
0x00007ffe90090000 - 0x00007ffe90362000 	C:\WINDOWS\System32\KERNELBASE.dll
0x00007ffe8fe60000 - 0x00007ffe8ff60000 	C:\WINDOWS\System32\ucrtbase.dll
0x00007ffe64d50000 - 0x00007ffe64d68000 	C:\Program Files\Java\jdk-11.0.17\bin\jli.dll
0x00007ffe5c760000 - 0x00007ffe5c775000 	C:\Program Files\Java\jdk-11.0.17\bin\VCRUNTIME140.dll
0x00007ffe91940000 - 0x00007ffe919ee000 	C:\WINDOWS\System32\ADVAPI32.dll
0x00007ffe92450000 - 0x00007ffe924ee000 	C:\WINDOWS\System32\msvcrt.dll
0x00007ffe91bf0000 - 0x00007ffe91c8c000 	C:\WINDOWS\System32\sechost.dll
0x00007ffe90dd0000 - 0x00007ffe90ef5000 	C:\WINDOWS\System32\RPCRT4.dll
0x00007ffe92240000 - 0x00007ffe923e1000 	C:\WINDOWS\System32\USER32.dll
0x00007ffe745b0000 - 0x00007ffe7484a000 	C:\WINDOWS\WinSxS\amd64_microsoft.windows.common-controls_6595b64144ccf1df_6.0.19041.1110_none_60b5254171f9507e\COMCTL32.dll
0x00007ffe8ff60000 - 0x00007ffe8ff82000 	C:\WINDOWS\System32\win32u.dll
0x00007ffe91a00000 - 0x00007ffe91a2b000 	C:\WINDOWS\System32\GDI32.dll
0x00007ffe903c0000 - 0x00007ffe904cf000 	C:\WINDOWS\System32\gdi32full.dll
0x00007ffe8fd90000 - 0x00007ffe8fe2d000 	C:\WINDOWS\System32\msvcp_win.dll
0x00007ffe83bc0000 - 0x00007ffe83bca000 	C:\WINDOWS\SYSTEM32\VERSION.dll
0x00007ffe92200000 - 0x00007ffe92232000 	C:\WINDOWS\System32\IMM32.DLL
0x00007ffe45f80000 - 0x00007ffe4601b000 	C:\Program Files\Java\jdk-11.0.17\bin\msvcp140.dll
0x00007ffe42f40000 - 0x00007ffe43a5a000 	C:\Program Files\Java\jdk-11.0.17\bin\server\jvm.dll
0x00007ffe919f0000 - 0x00007ffe919f8000 	C:\WINDOWS\System32\PSAPI.DLL
0x00007ffe6fe00000 - 0x00007ffe6fe27000 	C:\WINDOWS\SYSTEM32\WINMM.dll
0x00007ffe87100000 - 0x00007ffe87109000 	C:\WINDOWS\SYSTEM32\WSOCK32.dll
0x00007ffe91a30000 - 0x00007ffe91a9b000 	C:\WINDOWS\System32\WS2_32.dll
0x00007ffe8e530000 - 0x00007ffe8e542000 	C:\WINDOWS\SYSTEM32\kernel.appcore.dll
0x00007ffe7a4b0000 - 0x00007ffe7a4c0000 	C:\Program Files\Java\jdk-11.0.17\bin\verify.dll
0x00007ffe8d940000 - 0x00007ffe8db24000 	C:\WINDOWS\SYSTEM32\DBGHELP.DLL
0x00007ffe75e40000 - 0x00007ffe75e75000 	C:\WINDOWS\SYSTEM32\dbgcore.DLL
0x00007ffe90000000 - 0x00007ffe90082000 	C:\WINDOWS\System32\bcryptPrimitives.dll
0x00007ffe5a0f0000 - 0x00007ffe5a118000 	C:\Program Files\Java\jdk-11.0.17\bin\java.dll
0x00007ffe79ac0000 - 0x00007ffe79aca000 	C:\Program Files\Java\jdk-11.0.17\bin\jimage.dll
0x00007ffe5a540000 - 0x00007ffe5a556000 	C:\Program Files\Java\jdk-11.0.17\bin\zip.dll

dbghelp: loaded successfully - version: 4.0.5 - missing functions: none
symbol engine: initialized successfully - sym options: 0x614 - pdb path: .;C:\Program Files\Java\jdk-11.0.17\bin;C:\WINDOWS\SYSTEM32;C:\WINDOWS\WinSxS\amd64_microsoft.windows.common-controls_6595b64144ccf1df_6.0.19041.1110_none_60b5254171f9507e;C:\Program Files\Java\jdk-11.0.17\bin\server

VM Arguments:
jvm_args: -Duser.language=en -Dfile.encoding=UTF-8 
java_command: <unknown>
java_class_path (initial): <not set>
Launcher Type: SUN_STANDARD

[Global flags]
     intx CICompilerCount                          = 4                                         {product} {ergonomic}
     uint G1ConcRefinementThreads                  = 10                                        {product} {ergonomic}
   size_t G1HeapRegionSize                         = 1048576                                   {product} {ergonomic}
    uintx GCDrainStackTargetSize                   = 64                                        {product} {ergonomic}
   size_t InitialHeapSize                          = 130023424                                 {product} {ergonomic}
   size_t MaxHeapSize                              = 2078277632                                {product} {ergonomic}
   size_t MinHeapDeltaBytes                        = 1048576                                   {product} {ergonomic}
    uintx NonNMethodCodeHeapSize                   = 5836300                                {pd product} {ergonomic}
    uintx NonProfiledCodeHeapSize                  = 122910970                              {pd product} {ergonomic}
    uintx ProfiledCodeHeapSize                     = 122910970                              {pd product} {ergonomic}
    uintx ReservedCodeCacheSize                    = 251658240                              {pd product} {ergonomic}
     bool SegmentedCodeCache                       = true                                      {product} {ergonomic}
     bool UseCompressedClassPointers               = true                                 {lp64_product} {ergonomic}
     bool UseCompressedOops                        = true                                 {lp64_product} {ergonomic}
     bool UseG1GC                                  = true                                      {product} {ergonomic}
     bool UseLargePagesIndividualAllocation        = false                                  {pd product} {ergonomic}

Logging:
Log output configuration:
 #0: stdout all=warning uptime,level,tags
 #1: stderr all=off uptime,level,tags

Environment Variables:
PATH=C:\Program Files\Common Files\Oracle\Java\javapath;C:\WINDOWS\system32;C:\WINDOWS;C:\WINDOWS\System32\Wbem;C:\WINDOWS\System32\WindowsPowerShell\v1.0\;C:\WINDOWS\System32\OpenSSH\;C:\Program Files\Git\cmd;C:\Program Files\nodejs\;C:\Users\pcgou\AppData\Local\Microsoft\WindowsApps;C:\Users\pcgou\AppData\Roaming\npm;C:\Users\pcgou\AppData\Local\Programs\Microsoft VS Code\bin
USERNAME=pcgou
OS=Windows_NT
PROCESSOR_IDENTIFIER=Intel64 Family 6 Model 158 Stepping 10, GenuineIntel



---------------  S Y S T E M  ---------------

OS: Windows 10 , 64 bit Build 19041 (10.0.19041.2546)

CPU:total 12 (initial active 12) (6 cores per cpu, 2 threads per core) family 6 model 158 stepping 10 microcode 0xea, cmov, cx8, fxsr, mmx, sse, sse2, sse3, ssse3, sse4.1, sse4.2, popcnt, avx, avx2, aes, clmul, erms, 3dnowpref, lzcnt, ht, tsc, tscinvbit, bmi1, bmi2, adx, fma

Memory: 4k page, system-wide physical 7926M (1295M free)
TotalPageFile size 7926M (AvailPageFile size 4M)
current process WorkingSet (physical memory assigned to process): 9M, peak: 9M
current process commit charge ("private bytes"): 20M, peak: 20M

vm_info: Java HotSpot(TM) 64-Bit Server VM (11.0.17+10-LTS-269) for windows-amd64 JRE (11.0.17+10-LTS-269), built on Sep 13 2022 19:26:37 by "mach5one" with MS VC++ 15.9 (VS2017)

END.
