#
# There is insufficient memory for the Java Runtime Environment to continue.
# Native memory allocation (mmap) failed to map 130023424 bytes for Failed to commit area from 0x0000000084200000 to 0x000000008be00000 of length 130023424.
# Possible reasons:
#   The system is out of physical RAM or swap space
#   The process is running with CompressedOops enabled, and the Java Heap may be blocking the growth of the native heap
# Possible solutions:
#   Reduce memory load on the system
#   Increase physical memory or swap space
#   Check if swap backing store is full
#   Decrease Java heap size (-Xmx/-Xms)
#   Decrease number of Java threads
#   Decrease Java thread stack sizes (-Xss)
#   Set larger code cache with -XX:ReservedCodeCacheSize=
# This output file may be truncated or incomplete.
#
#  Out of Memory Error (./open/src/hotspot/os/windows/os_windows.cpp:3283), pid=6072, tid=6544
#
# JRE version:  (11.0.17+10) (build )
# Java VM: Java HotSpot(TM) 64-Bit Server VM (11.0.17+10-LTS-269, mixed mode, sharing, tiered, compressed oops, g1 gc, windows-amd64)
# No core dump will be written. Minidumps are not enabled by default on client versions of Windows
#

---------------  S U M M A R Y ------------

Command Line: -Duser.language=en -Dfile.encoding=UTF-8 

Host: Intel(R) Core(TM) i7-8750H CPU @ 2.20GHz, 12 cores, 7G,  Windows 10 , 64 bit Build 19041 (10.0.19041.2546)
Time: Tue Mar  7 11:53:15 2023 Pacific Standard Time elapsed time: 0.011590 seconds (0d 0h 0m 0s)

---------------  T H R E A D  ---------------

Current thread (0x000002566aac7000):  JavaThread "Unknown thread" [_thread_in_vm, id=6544, stack(0x000000ef67600000,0x000000ef67700000)]

Stack: [0x000000ef67600000,0x000000ef67700000]
Native frames: (J=compiled Java code, j=interpreted, Vv=VM code, C=native code)
V  [jvm.dll+0x62b5da]
V  [jvm.dll+0x7653df]
V  [jvm.dll+0x766a89]
V  [jvm.dll+0x767113]
V  [jvm.dll+0x23dd28]
V  [jvm.dll+0x62896a]
V  [jvm.dll+0x61d625]
V  [jvm.dll+0x2f2d3c]
V  [jvm.dll+0x2f2bc2]
V  [jvm.dll+0x2f78e6]
V  [jvm.dll+0x33a2df]
V  [jvm.dll+0x339d10]
V  [jvm.dll+0x2d0368]
V  [jvm.dll+0x2d14d6]
V  [jvm.dll+0x73f9a7]
V  [jvm.dll+0x74123f]
V  [jvm.dll+0x347039]
V  [jvm.dll+0x725280]
V  [jvm.dll+0x3b5c1f]
V  [jvm.dll+0x3b7d31]
C  [jli.dll+0x5207]
C  [ucrtbase.dll+0x21bb2]
C  [KERNEL32.DLL+0x17614]
C  [ntdll.dll+0x526a1]


---------------  P R O C E S S  ---------------

Threads class SMR info:
_java_thread_list=0x0000025669150260, length=0, elements={
}

Java Threads: ( => current thread )

Other Threads:
  0x000002566aadb000 GCTaskThread "GC Thread#0" [stack: 0x000000ef67700000,0x000000ef67800000] [id=10956]
  0x000002566ab0d800 ConcurrentGCThread "G1 Main Marker" [stack: 0x000000ef67800000,0x000000ef67900000] [id=3744]
  0x000002566ab0e800 ConcurrentGCThread "G1 Conc#0" [stack: 0x000000ef67900000,0x000000ef67a00000] [id=5480]

[error occurred during error reporting (printing all threads), id 0xc0000005, EXCEPTION_ACCESS_VIOLATION (0xc0000005) at pc=0x00007ffc47cff5f7]

VM state:not at safepoint (not fully initialized)

VM Mutex/Monitor currently owned by a thread:  ([mutex/lock_event])
[0x000002566aac2f00] Heap_lock - owner thread: 0x000002566aac7000

Heap address: 0x0000000084200000, size: 1982 MB, Compressed Oops mode: Non-zero based: 0x0000000084200000
Narrow klass base: 0x0000000000000000, Narrow klass shift: 0

GC Heap History (0 events):
No events

Deoptimization events (0 events):
No events

Classes redefined (0 events):
No events

Internal exceptions (0 events):
No events

Events (0 events):
No events


Dynamic libraries:
0x00007ff764380000 - 0x00007ff76438f000 	C:\Program Files\Java\jdk-11.0.17\bin\java.exe
0x00007ffc997b0000 - 0x00007ffc999a8000 	C:\WINDOWS\SYSTEM32\ntdll.dll
0x00007ffc98210000 - 0x00007ffc982cf000 	C:\WINDOWS\System32\KERNEL32.DLL
0x00007ffc97210000 - 0x00007ffc974e2000 	C:\WINDOWS\System32\KERNELBASE.dll
0x00007ffc97110000 - 0x00007ffc97210000 	C:\WINDOWS\System32\ucrtbase.dll
0x00007ffc76be0000 - 0x00007ffc76bf8000 	C:\Program Files\Java\jdk-11.0.17\bin\jli.dll
0x00007ffc75d40000 - 0x00007ffc75d55000 	C:\Program Files\Java\jdk-11.0.17\bin\VCRUNTIME140.dll
0x00007ffc98950000 - 0x00007ffc989fe000 	C:\WINDOWS\System32\ADVAPI32.dll
0x00007ffc98df0000 - 0x00007ffc98e8e000 	C:\WINDOWS\System32\msvcrt.dll
0x00007ffc996d0000 - 0x00007ffc9976c000 	C:\WINDOWS\System32\sechost.dll
0x00007ffc98ca0000 - 0x00007ffc98dc5000 	C:\WINDOWS\System32\RPCRT4.dll
0x00007ffc7de70000 - 0x00007ffc7e10a000 	C:\WINDOWS\WinSxS\amd64_microsoft.windows.common-controls_6595b64144ccf1df_6.0.19041.1110_none_60b5254171f9507e\COMCTL32.dll
0x00007ffc97cd0000 - 0x00007ffc97e71000 	C:\WINDOWS\System32\USER32.dll
0x00007ffc976b0000 - 0x00007ffc976d2000 	C:\WINDOWS\System32\win32u.dll
0x00007ffc98740000 - 0x00007ffc9876b000 	C:\WINDOWS\System32\GDI32.dll
0x00007ffc96ea0000 - 0x00007ffc96faf000 	C:\WINDOWS\System32\gdi32full.dll
0x00007ffc97750000 - 0x00007ffc977ed000 	C:\WINDOWS\System32\msvcp_win.dll
0x00007ffc8df90000 - 0x00007ffc8df9a000 	C:\WINDOWS\SYSTEM32\VERSION.dll
0x00007ffc98a00000 - 0x00007ffc98a32000 	C:\WINDOWS\System32\IMM32.DLL
0x00007ffc56fb0000 - 0x00007ffc5704b000 	C:\Program Files\Java\jdk-11.0.17\bin\msvcp140.dll
0x00007ffc47a20000 - 0x00007ffc4853a000 	C:\Program Files\Java\jdk-11.0.17\bin\server\jvm.dll
0x00007ffc98de0000 - 0x00007ffc98de8000 	C:\WINDOWS\System32\PSAPI.DLL
0x00007ffc91040000 - 0x00007ffc91049000 	C:\WINDOWS\SYSTEM32\WSOCK32.dll
0x00007ffc764f0000 - 0x00007ffc76517000 	C:\WINDOWS\SYSTEM32\WINMM.dll
0x00007ffc97900000 - 0x00007ffc9796b000 	C:\WINDOWS\System32\WS2_32.dll
0x00007ffc956f0000 - 0x00007ffc95702000 	C:\WINDOWS\SYSTEM32\kernel.appcore.dll
0x00007ffc90220000 - 0x00007ffc90230000 	C:\Program Files\Java\jdk-11.0.17\bin\verify.dll
0x00007ffc95420000 - 0x00007ffc95604000 	C:\WINDOWS\SYSTEM32\DBGHELP.DLL
0x00007ffc8bcb0000 - 0x00007ffc8bce5000 	C:\WINDOWS\SYSTEM32\dbgcore.DLL
0x00007ffc974f0000 - 0x00007ffc97572000 	C:\WINDOWS\System32\bcryptPrimitives.dll
0x00007ffc74ba0000 - 0x00007ffc74bc8000 	C:\Program Files\Java\jdk-11.0.17\bin\java.dll
0x00007ffc901b0000 - 0x00007ffc901ba000 	C:\Program Files\Java\jdk-11.0.17\bin\jimage.dll
0x00007ffc6b920000 - 0x00007ffc6b936000 	C:\Program Files\Java\jdk-11.0.17\bin\zip.dll

dbghelp: loaded successfully - version: 4.0.5 - missing functions: none
symbol engine: initialized successfully - sym options: 0x614 - pdb path: .;C:\Program Files\Java\jdk-11.0.17\bin;C:\WINDOWS\SYSTEM32;C:\WINDOWS\WinSxS\amd64_microsoft.windows.common-controls_6595b64144ccf1df_6.0.19041.1110_none_60b5254171f9507e;C:\Program Files\Java\jdk-11.0.17\bin\server

VM Arguments:
jvm_args: -Duser.language=en -Dfile.encoding=UTF-8 
java_command: <unknown>
java_class_path (initial): <not set>
Launcher Type: SUN_STANDARD

[Global flags]
     intx CICompilerCount                          = 4                                         {product} {ergonomic}
     uint ConcGCThreads                            = 3                                         {product} {ergonomic}
     uint G1ConcRefinementThreads                  = 10                                        {product} {ergonomic}
   size_t G1HeapRegionSize                         = 1048576                                   {product} {ergonomic}
    uintx GCDrainStackTargetSize                   = 64                                        {product} {ergonomic}
   size_t InitialHeapSize                          = 130023424                                 {product} {ergonomic}
   size_t MarkStackSize                            = 4194304                                   {product} {ergonomic}
   size_t MaxHeapSize                              = 2078277632                                {product} {ergonomic}
   size_t MinHeapDeltaBytes                        = 1048576                                   {product} {ergonomic}
    uintx NonNMethodCodeHeapSize                   = 5836300                                {pd product} {ergonomic}
    uintx NonProfiledCodeHeapSize                  = 122910970                              {pd product} {ergonomic}
    uintx ProfiledCodeHeapSize                     = 122910970                              {pd product} {ergonomic}
    uintx ReservedCodeCacheSize                    = 251658240                              {pd product} {ergonomic}
     bool SegmentedCodeCache                       = true                                      {product} {ergonomic}
     bool UseCompressedClassPointers               = true                                 {lp64_product} {ergonomic}
     bool UseCompressedOops                        = true                                 {lp64_product} {ergonomic}
     bool UseG1GC                                  = true                                      {product} {ergonomic}
     bool UseLargePagesIndividualAllocation        = false                                  {pd product} {ergonomic}

Logging:
Log output configuration:
 #0: stdout all=warning uptime,level,tags
 #1: stderr all=off uptime,level,tags

Environment Variables:
PATH=C:\Program Files\Common Files\Oracle\Java\javapath;C:\WINDOWS\system32;C:\WINDOWS;C:\WINDOWS\System32\Wbem;C:\WINDOWS\System32\WindowsPowerShell\v1.0\;C:\WINDOWS\System32\OpenSSH\;C:\Program Files\Git\cmd;C:\Program Files\nodejs\;C:\Users\pcgou\AppData\Local\Microsoft\WindowsApps;C:\Users\pcgou\AppData\Roaming\npm;C:\Users\pcgou\AppData\Local\Programs\Microsoft VS Code\bin
USERNAME=pcgou
OS=Windows_NT
PROCESSOR_IDENTIFIER=Intel64 Family 6 Model 158 Stepping 10, GenuineIntel



---------------  S Y S T E M  ---------------

OS: Windows 10 , 64 bit Build 19041 (10.0.19041.2546)

CPU:total 12 (initial active 12) (6 cores per cpu, 2 threads per core) family 6 model 158 stepping 10 microcode 0xea, cmov, cx8, fxsr, mmx, sse, sse2, sse3, ssse3, sse4.1, sse4.2, popcnt, avx, avx2, aes, clmul, erms, 3dnowpref, lzcnt, ht, tsc, tscinvbit, bmi1, bmi2, adx, fma

Memory: 4k page, system-wide physical 7926M (1447M free)
TotalPageFile size 7926M (AvailPageFile size 38M)
current process WorkingSet (physical memory assigned to process): 10M, peak: 10M
current process commit charge ("private bytes"): 64M, peak: 188M

vm_info: Java HotSpot(TM) 64-Bit Server VM (11.0.17+10-LTS-269) for windows-amd64 JRE (11.0.17+10-LTS-269), built on Sep 13 2022 19:26:37 by "mach5one" with MS VC++ 15.9 (VS2017)

END.
